mode: set
github.com/scagogogo/composer-crawler/pkg/repository/get_statistics.go:10.92,13.2 2 1
github.com/scagogogo/composer-crawler/pkg/repository/index_api.go:12.57,15.2 2 0
github.com/scagogogo/composer-crawler/pkg/repository/index_api.go:18.70,20.16 2 0
github.com/scagogogo/composer-crawler/pkg/repository/index_api.go:20.16,22.3 1 0
github.com/scagogogo/composer-crawler/pkg/repository/index_api.go:23.2,23.56 1 0
github.com/scagogogo/composer-crawler/pkg/repository/list_security_advisories.go:18.128,21.2 2 1
github.com/scagogogo/composer-crawler/pkg/repository/list_security_advisories.go:25.108,28.16 3 1
github.com/scagogogo/composer-crawler/pkg/repository/list_security_advisories.go:28.16,30.3 1 1
github.com/scagogogo/composer-crawler/pkg/repository/list_security_advisories.go:31.2,31.42 1 1
github.com/scagogogo/composer-crawler/pkg/repository/listing_package_names.go:21.68,24.16 3 1
github.com/scagogogo/composer-crawler/pkg/repository/listing_package_names.go:24.16,26.3 1 1
github.com/scagogogo/composer-crawler/pkg/repository/listing_package_names.go:28.2,29.45 2 1
github.com/scagogogo/composer-crawler/pkg/repository/listing_package_names.go:29.45,31.3 1 1
github.com/scagogogo/composer-crawler/pkg/repository/listing_package_names.go:32.2,32.20 1 1
github.com/scagogogo/composer-crawler/pkg/repository/repository.go:17.95,19.16 2 1
github.com/scagogogo/composer-crawler/pkg/repository/repository.go:19.16,22.3 2 1
github.com/scagogogo/composer-crawler/pkg/repository/repository.go:23.2,23.32 1 1
github.com/scagogogo/composer-crawler/pkg/repository/repository.go:26.52,29.16 3 1
github.com/scagogogo/composer-crawler/pkg/repository/repository.go:29.16,32.3 2 1
github.com/scagogogo/composer-crawler/pkg/repository/repository.go:33.2,33.15 1 1
github.com/scagogogo/composer-crawler/pkg/repository/repository.go:37.86,39.27 2 1
github.com/scagogogo/composer-crawler/pkg/repository/repository.go:39.27,41.3 1 0
github.com/scagogogo/composer-crawler/pkg/repository/repository.go:42.2,42.56 1 1
github.com/scagogogo/composer-crawler/pkg/repository/repository_test_main.go:12.29,24.2 4 0
github.com/scagogogo/composer-crawler/pkg/repository/repository_test_main.go:27.57,28.90 1 0
github.com/scagogogo/composer-crawler/pkg/repository/repository_test_main.go:28.90,31.3 2 0
github.com/scagogogo/composer-crawler/pkg/repository/repository_test_main.go:35.76,36.90 1 0
github.com/scagogogo/composer-crawler/pkg/repository/repository_test_main.go:36.90,37.45 1 0
github.com/scagogogo/composer-crawler/pkg/repository/repository_test_main.go:37.45,40.4 2 0
github.com/scagogogo/composer-crawler/pkg/repository/repository_test_main.go:40.9,43.4 2 0
github.com/scagogogo/composer-crawler/pkg/repository/repository_test_main.go:48.54,54.2 1 0
github.com/scagogogo/composer-crawler/pkg/repository/repository_test_main.go:57.70,64.2 1 0
